c:\users\gregory\desktop\school\plugindev\jucevib\builds\visualstudio2015\release\juce_gui_basics.obj
c:\users\gregory\desktop\school\plugindev\jucevib\builds\visualstudio2015\release\juce_audio_formats.obj
c:\users\gregory\desktop\school\plugindev\jucevib\builds\visualstudio2015\release\juce_pluginutilities.obj
c:\users\gregory\desktop\school\plugindev\jucevib\builds\visualstudio2015\release\juce_aax_wrapper.obj
c:\users\gregory\desktop\school\plugindev\jucevib\builds\visualstudio2015\release\juce_cryptography.obj
c:\users\gregory\desktop\school\plugindev\jucevib\builds\visualstudio2015\release\juce_data_structures.obj
c:\users\gregory\desktop\school\plugindev\jucevib\builds\visualstudio2015\release\juce_opengl.obj
c:\users\gregory\desktop\school\plugindev\jucevib\builds\visualstudio2015\release\juce_graphics.obj
c:\users\gregory\desktop\school\plugindev\jucevib\builds\visualstudio2015\release\juce_audio_devices.obj
c:\users\gregory\desktop\school\plugindev\jucevib\builds\visualstudio2015\release\juce_gui_extra.obj
c:\users\gregory\desktop\school\plugindev\jucevib\builds\visualstudio2015\release\juce_core.obj
c:\users\gregory\desktop\school\plugindev\jucevib\builds\visualstudio2015\release\juce_video.obj
c:\users\gregory\desktop\school\plugindev\jucevib\builds\visualstudio2015\release\juce_audio_basics.obj
c:\users\gregory\desktop\school\plugindev\jucevib\builds\visualstudio2015\release\juce_events.obj
c:\users\gregory\desktop\school\plugindev\jucevib\builds\visualstudio2015\release\juce_vst_wrapper.obj
c:\users\gregory\desktop\school\plugindev\jucevib\builds\visualstudio2015\release\juce_audio_processors.obj
c:\users\gregory\desktop\school\plugindev\jucevib\builds\visualstudio2015\release\juce_vst3_wrapper.obj
c:\users\gregory\desktop\school\plugindev\jucevib\builds\visualstudio2015\release\vibrato.obj
c:\users\gregory\desktop\school\plugindev\jucevib\builds\visualstudio2015\release\pluginprocessor.obj
c:\users\gregory\desktop\school\plugindev\jucevib\builds\visualstudio2015\release\plugineditor.obj
c:\users\gregory\desktop\school\plugindev\jucevib\builds\visualstudio2015\release\vc140.pdb
c:\users\gregory\desktop\school\plugindev\jucevib\builds\visualstudio2015\release\juce_rtas_digicode1.obj
c:\users\gregory\desktop\school\plugindev\jucevib\builds\visualstudio2015\release\juce_rtas_wrapper.obj
c:\users\gregory\desktop\school\plugindev\jucevib\builds\visualstudio2015\release\juce_rtas_winutilities.obj
c:\users\gregory\desktop\school\plugindev\jucevib\builds\visualstudio2015\release\juce_rtas_digicode2.obj
c:\users\gregory\desktop\school\plugindev\jucevib\builds\visualstudio2015\release\juce_rtas_digicode3.obj
c:\users\gregory\desktop\school\plugindev\jucevib\builds\visualstudio2015\release\jucevib.lib
c:\users\gregory\desktop\school\plugindev\jucevib\builds\visualstudio2015\release\jucevib.exp
c:\users\gregory\desktop\school\plugindev\jucevib\builds\visualstudio2015\release\jucevib.dll
c:\users\gregory\desktop\school\plugindev\jucevib\builds\visualstudio2015\release\resources.res
c:\users\gregory\desktop\school\plugindev\jucevib\builds\visualstudio2015\release\jucevib.tlog\cl.command.1.tlog
c:\users\gregory\desktop\school\plugindev\jucevib\builds\visualstudio2015\release\jucevib.tlog\cl.read.1.tlog
c:\users\gregory\desktop\school\plugindev\jucevib\builds\visualstudio2015\release\jucevib.tlog\cl.write.1.tlog
c:\users\gregory\desktop\school\plugindev\jucevib\builds\visualstudio2015\release\jucevib.tlog\jucevib.write.1u.tlog
c:\users\gregory\desktop\school\plugindev\jucevib\builds\visualstudio2015\release\jucevib.tlog\link.command.1.tlog
c:\users\gregory\desktop\school\plugindev\jucevib\builds\visualstudio2015\release\jucevib.tlog\link.read.1.tlog
c:\users\gregory\desktop\school\plugindev\jucevib\builds\visualstudio2015\release\jucevib.tlog\link.write.1.tlog
c:\users\gregory\desktop\school\plugindev\jucevib\builds\visualstudio2015\release\jucevib.tlog\rc.command.1.tlog
c:\users\gregory\desktop\school\plugindev\jucevib\builds\visualstudio2015\release\jucevib.tlog\rc.read.1.tlog
c:\users\gregory\desktop\school\plugindev\jucevib\builds\visualstudio2015\release\jucevib.tlog\rc.write.1.tlog
