c:\users\gregory\desktop\plugin dev\jucevib\builds\visualstudio2015\debug\juce_core.obj
c:\users\gregory\desktop\plugin dev\jucevib\builds\visualstudio2015\debug\juce_video.obj
c:\users\gregory\desktop\plugin dev\jucevib\builds\visualstudio2015\debug\juce_aax_wrapper.obj
c:\users\gregory\desktop\plugin dev\jucevib\builds\visualstudio2015\debug\juce_cryptography.obj
c:\users\gregory\desktop\plugin dev\jucevib\builds\visualstudio2015\debug\juce_data_structures.obj
c:\users\gregory\desktop\plugin dev\jucevib\builds\visualstudio2015\debug\juce_graphics.obj
c:\users\gregory\desktop\plugin dev\jucevib\builds\visualstudio2015\debug\juce_audio_devices.obj
c:\users\gregory\desktop\plugin dev\jucevib\builds\visualstudio2015\debug\juce_gui_basics.obj
c:\users\gregory\desktop\plugin dev\jucevib\builds\visualstudio2015\debug\pluginprocessor.obj
c:\users\gregory\desktop\plugin dev\jucevib\builds\visualstudio2015\debug\juce_gui_extra.obj
c:\users\gregory\desktop\plugin dev\jucevib\builds\visualstudio2015\debug\juce_audio_basics.obj
c:\users\gregory\desktop\plugin dev\jucevib\builds\visualstudio2015\debug\juce_events.obj
c:\users\gregory\desktop\plugin dev\jucevib\builds\visualstudio2015\debug\juce_vst_wrapper.obj
c:\users\gregory\desktop\plugin dev\jucevib\builds\visualstudio2015\debug\plugineditor.obj
c:\users\gregory\desktop\plugin dev\jucevib\builds\visualstudio2015\debug\juce_opengl.obj
c:\users\gregory\desktop\plugin dev\jucevib\builds\visualstudio2015\debug\juce_audio_formats.obj
c:\users\gregory\desktop\plugin dev\jucevib\builds\visualstudio2015\debug\juce_pluginutilities.obj
c:\users\gregory\desktop\plugin dev\jucevib\builds\visualstudio2015\debug\juce_audio_processors.obj
c:\users\gregory\desktop\plugin dev\jucevib\builds\visualstudio2015\debug\juce_vst3_wrapper.obj
c:\users\gregory\desktop\plugin dev\jucevib\builds\visualstudio2015\debug\vc140.idb
c:\users\gregory\desktop\plugin dev\jucevib\builds\visualstudio2015\debug\vc140.pdb
c:\users\gregory\desktop\plugin dev\jucevib\builds\visualstudio2015\debug\jucevib.tlog\cl.command.1.tlog
c:\users\gregory\desktop\plugin dev\jucevib\builds\visualstudio2015\debug\jucevib.tlog\cl.read.1.tlog
c:\users\gregory\desktop\plugin dev\jucevib\builds\visualstudio2015\debug\jucevib.tlog\cl.write.1.tlog
